Línea 109: la clase Threed.SSPanel del control SSLocal no era una clase de control cargada.
Línea 227: la clase Threed.SSPanel del control SSPanel1 no era una clase de control cargada.
Línea 249: la clase Threed.SSPanel del control pnlCliente no era una clase de control cargada.
Línea 1094: la clase Threed.SSPanel del control SSPanel2 no era una clase de control cargada.
Línea 1482: la clase Threed.SSPanel del control SSPanel5 no era una clase de control cargada.
Línea 1523: la clase Threed.SSPanel del control SSPanel3 no era una clase de control cargada.
Línea 1555: la clase Threed.SSPanel del control pnlExplicacion no era una clase de control cargada.
Línea 1600: la clase Threed.SSPanel del control pnlPublica no era una clase de control cargada.
Línea 1670: la clase Threed.SSPanel del control pnlExplicacion no era una clase de control cargada.
Línea 1913: la clase Threed.SSPanel del control SSPanel4 no era una clase de control cargada.
Línea 1934: la clase Threed.SSPanel del control pnlExplicacion no era una clase de control cargada.
Línea 1958: la clase Threed.SSPanel del control pnlExplicacion no era una clase de control cargada.
Línea 2013: la clase Threed.SSPanel del control SSPanel2 no era una clase de control cargada.
Línea 2392: la clase Threed.SSPanel del control pnlExplicacion no era una clase de control cargada.
Línea 2416: la clase Threed.SSPanel del control pnlCorporativa no era una clase de control cargada.
Línea 2696: la clase Threed.SSPanel del control SSPanel2 no era una clase de control cargada.
Línea 2757: la clase Threed.SSPanel del control pnlTenue no era una clase de control cargada.
Línea 2781: la clase Threed.SSPanel del control pnlFuerte no era una clase de control cargada.
Línea 2913: la clase Threed.SSPanel del control pnlExplicacion no era una clase de control cargada.
Línea 2937: la clase Threed.SSPanel del control pnlTLinea no era una clase de control cargada.
