Line 50: Class EDCAdminVoz.ctlLstJerarquia of control lstDefinicion was not a loaded control class.
Line 73: Class EDCAdminVoz.ctlLstJerarquia of control lstDefinicion was not a loaded control class.
Line 96: Class EDCAdminVoz.ctlLstJerarquia of control lstDefinicion was not a loaded control class.
Line 119: Class EDCAdminVoz.ctlLstJerarquia of control lstDatos was not a loaded control class.
Line 142: Class EDCAdminVoz.ctlLstJerarquia of control lstDatos was not a loaded control class.
Line 165: Class EDCAdminVoz.ctlLstJerarquia of control lstDatos was not a loaded control class.
Line 57: The property name _ExtentX in lstDefinicion is invalid.
Line 58: The property name _ExtentY in lstDefinicion is invalid.
Line 69: The property name FontInfo in lstDefinicion is invalid.
Line 70: The property name MostrarBotonesV in lstDefinicion is invalid.
Line 71: The property name MostrarBotonesH in lstDefinicion is invalid.
Line 80: The property name _ExtentX in lstDefinicion is invalid.
Line 81: The property name _ExtentY in lstDefinicion is invalid.
Line 92: The property name FontInfo in lstDefinicion is invalid.
Line 93: The property name MostrarBotonesV in lstDefinicion is invalid.
Line 94: The property name MostrarBotonesH in lstDefinicion is invalid.
Line 103: The property name _ExtentX in lstDefinicion is invalid.
Line 104: The property name _ExtentY in lstDefinicion is invalid.
Line 115: The property name FontInfo in lstDefinicion is invalid.
Line 116: The property name MostrarBotonesV in lstDefinicion is invalid.
Line 117: The property name MostrarBotonesH in lstDefinicion is invalid.
Line 126: The property name _ExtentX in lstDatos is invalid.
Line 127: The property name _ExtentY in lstDatos is invalid.
Line 138: The property name FontInfo in lstDatos is invalid.
Line 139: The property name MostrarBotonesV in lstDatos is invalid.
Line 140: The property name MostrarBotonesH in lstDatos is invalid.
Line 149: The property name _ExtentX in lstDatos is invalid.
Line 150: The property name _ExtentY in lstDatos is invalid.
Line 161: The property name FontInfo in lstDatos is invalid.
Line 162: The property name MostrarBotonesV in lstDatos is invalid.
Line 163: The property name MostrarBotonesH in lstDatos is invalid.
Line 172: The property name _ExtentX in lstDatos is invalid.
Line 173: The property name _ExtentY in lstDatos is invalid.
Line 184: The property name FontInfo in lstDatos is invalid.
Line 185: The property name MostrarBotonesV in lstDatos is invalid.
Line 186: The property name MostrarBotonesH in lstDatos is invalid.
